2023-05-16 09:24:12 [INFO] 초기화 필터 생성
2023-05-16 09:24:19 [INFO] ---------------------------------------
Start : BoardServiceImpl - selectBoardType
Parameter : []
ip : 127.0.0.1
2023-05-16 09:24:22 [INFO] Return Value : [edu.kh.comm.board.model.vo.BoardType@3286cb5b, edu.kh.comm.board.model.vo.BoardType@6b7be059, edu.kh.comm.board.model.vo.BoardType@7d46f7c6]
2023-05-16 09:24:22 [INFO] Running Time : 3153ms
2023-05-16 09:24:22 [INFO] End : BoardServiceImpl - selectBoardType
---------------------------------------------

2023-05-16 09:24:22 [INFO] 후처리 수행
2023-05-16 09:24:23 [INFO] View단 처리 완료 후 수행
2023-05-16 09:24:23 [INFO] 후처리 수행
2023-05-16 09:24:23 [INFO] View단 처리 완료 후 수행
2023-05-16 09:24:23 [INFO] 후처리 수행
2023-05-16 09:24:23 [INFO] View단 처리 완료 후 수행
2023-05-16 09:24:23 [INFO] 후처리 수행
2023-05-16 09:24:23 [INFO] View단 처리 완료 후 수행
2023-05-16 09:24:23 [INFO] ---------------------------------------
Start : MemberServiceImpl - selectAll
Parameter : []
ip : 127.0.0.1
2023-05-16 09:24:23 [INFO] Return Value : [Member(memberNo=2, memberEmail=test01@naver.com, memberPw=$2a$10$Ojm7qRMj3XWY6HGH/JhMyOEs2.TFCxV43kn6UOHlgYqlnxv9rV7tq, memberNickname=테스트, memberTel=01022225555, memberAddress=06253,,서울 강남구 강남대로 298,,역삼대로, profileImage=/resources/images/memberProfile/20230428144643_81928.jpg, enrollDate=2023-04-27 14:37:28, secessionFlag=null), Member(memberNo=4, memberEmail=test02@naver.com, memberPw=$2a$10$u2BEbDJbxW.w0nOVbv4WEOQkNt/H3ayUmKMdkV4qArGjnf/B0Izje, memberNickname=테스트02, memberTel=01012341234, memberAddress=06252,,서울 강남구 강남대로 328,,역삼역, profileImage=null, enrollDate=2023-05-10 11:21:50, secessionFlag=null)]
2023-05-16 09:24:23 [INFO] Running Time : 64ms
2023-05-16 09:24:23 [INFO] End : MemberServiceImpl - selectAll
---------------------------------------------

2023-05-16 09:24:23 [INFO] 후처리 수행
2023-05-16 09:24:23 [INFO] View단 처리 완료 후 수행
2023-05-16 09:24:30 [INFO] ---------------------------------------
Start : ChatServiceImpl - selectChatRoomList
Parameter : []
ip : 127.0.0.1
2023-05-16 09:24:30 [INFO] Return Value : [ChatRoom(chatRoomNo=1, title=aaa, status=null, memberNo=0, memberNickname=테스트, cnt=1)]
2023-05-16 09:24:30 [INFO] Running Time : 65ms
2023-05-16 09:24:30 [INFO] End : ChatServiceImpl - selectChatRoomList
---------------------------------------------

2023-05-16 09:24:30 [INFO] 후처리 수행
2023-05-16 09:24:30 [INFO] View단 처리 완료 후 수행
2023-05-16 09:24:30 [INFO] 후처리 수행
2023-05-16 09:24:30 [INFO] View단 처리 완료 후 수행
2023-05-16 09:24:30 [INFO] 후처리 수행
2023-05-16 09:24:30 [INFO] View단 처리 완료 후 수행
2023-05-16 09:24:30 [INFO] 후처리 수행
2023-05-16 09:24:30 [INFO] View단 처리 완료 후 수행
2023-05-16 09:24:35 [INFO] 후처리 수행
2023-05-16 09:24:35 [INFO] View단 처리 완료 후 수행
2023-05-16 09:24:35 [INFO] ---------------------------------------
Start : MemberServiceImpl - selectAll
Parameter : []
ip : 127.0.0.1
2023-05-16 09:24:35 [INFO] Return Value : [Member(memberNo=2, memberEmail=test01@naver.com, memberPw=$2a$10$Ojm7qRMj3XWY6HGH/JhMyOEs2.TFCxV43kn6UOHlgYqlnxv9rV7tq, memberNickname=테스트, memberTel=01022225555, memberAddress=06253,,서울 강남구 강남대로 298,,역삼대로, profileImage=/resources/images/memberProfile/20230428144643_81928.jpg, enrollDate=2023-04-27 14:37:28, secessionFlag=null), Member(memberNo=4, memberEmail=test02@naver.com, memberPw=$2a$10$u2BEbDJbxW.w0nOVbv4WEOQkNt/H3ayUmKMdkV4qArGjnf/B0Izje, memberNickname=테스트02, memberTel=01012341234, memberAddress=06252,,서울 강남구 강남대로 328,,역삼역, profileImage=null, enrollDate=2023-05-10 11:21:50, secessionFlag=null)]
2023-05-16 09:24:35 [INFO] Running Time : 11ms
2023-05-16 09:24:35 [INFO] End : MemberServiceImpl - selectAll
---------------------------------------------

2023-05-16 09:24:35 [INFO] 후처리 수행
2023-05-16 09:24:35 [INFO] View단 처리 완료 후 수행
2023-05-16 09:24:41 [INFO] 로그인 기능 수행됨
2023-05-16 09:24:41 [INFO] ---------------------------------------
Start : MemberServiceImpl - login
Parameter : [Member(memberNo=0, memberEmail=test01@naver.com, memberPw=test01!, memberNickname=null, memberTel=null, memberAddress=null, profileImage=null, enrollDate=null, secessionFlag=null)]
ip : 127.0.0.1
2023-05-16 09:24:41 [DEBUG] test01! / $2a$10$iEW3ncFauiG9qFusZcwcNuHAPrFBu1.upS6QANi0XfPDCe/HwctHu
2023-05-16 09:24:41 [INFO] Return Value : Member(memberNo=2, memberEmail=test01@naver.com, memberPw=null, memberNickname=테스트, memberTel=01022225555, memberAddress=06253,,서울 강남구 강남대로 298,,역삼대로, profileImage=/resources/images/memberProfile/20230428144643_81928.jpg, enrollDate=2023-04-27 14:37:28, secessionFlag=null)
2023-05-16 09:24:41 [INFO] Running Time : 262ms
2023-05-16 09:24:41 [INFO] End : MemberServiceImpl - login
---------------------------------------------

2023-05-16 09:24:41 [INFO] 후처리 수행
2023-05-16 09:24:41 [INFO] View단 처리 완료 후 수행
2023-05-16 09:24:41 [INFO] 후처리 수행
2023-05-16 09:24:41 [INFO] View단 처리 완료 후 수행
2023-05-16 09:24:41 [INFO] 후처리 수행
2023-05-16 09:24:41 [INFO] View단 처리 완료 후 수행
2023-05-16 09:24:44 [INFO] ---------------------------------------
Start : ChatServiceImpl - selectChatRoomList
Parameter : []
ip : 127.0.0.1 (email : test01@naver.com)
2023-05-16 09:24:44 [INFO] Return Value : [ChatRoom(chatRoomNo=1, title=aaa, status=null, memberNo=0, memberNickname=테스트, cnt=1)]
2023-05-16 09:24:44 [INFO] Running Time : 7ms
2023-05-16 09:24:44 [INFO] End : ChatServiceImpl - selectChatRoomList
---------------------------------------------

2023-05-16 09:24:44 [INFO] 후처리 수행
2023-05-16 09:24:44 [INFO] View단 처리 완료 후 수행
2023-05-16 09:24:45 [INFO] ---------------------------------------
Start : ChatServiceImpl - joinChatRoom
Parameter : [ChatRoomJoin(memberNo=2, chatRoomNo=1)]
ip : 127.0.0.1 (email : test01@naver.com)
2023-05-16 09:24:45 [INFO] Return Value : []
2023-05-16 09:24:45 [INFO] Running Time : 64ms
2023-05-16 09:24:45 [INFO] End : ChatServiceImpl - joinChatRoom
---------------------------------------------

2023-05-16 09:24:45 [INFO] 후처리 수행
2023-05-16 09:24:45 [INFO] View단 처리 완료 후 수행
2023-05-16 09:24:45 [INFO] 후처리 수행
2023-05-16 09:24:45 [INFO] View단 처리 완료 후 수행
2023-05-16 09:24:45 [INFO] 후처리 수행
2023-05-16 09:24:45 [INFO] View단 처리 완료 후 수행
2023-05-16 09:24:45 [INFO] 후처리 수행
2023-05-16 09:24:45 [INFO] View단 처리 완료 후 수행
2023-05-16 09:25:00 [INFO] ---------------------------------------
Start : BoardServiceImpl - selectDBList
Parameter : []
[스케줄러 동작]
2023-05-16 09:25:00 [INFO] Return Value : [/resources/images/board/sample1.jpg, /resources/images/board/sample2.jpg, /resources/images/board/sample3.jpg, /resources/images/board/sample4.jpg, /resources/images/board/sample5.jpg, /resources/images/board/sample1.jpg, /resources/images/board/sample2.jpg, /resources/images/board/sample3.jpg, /resources/images/board/sample4.jpg, /resources/images/board/sample5.jpg, /resources/images/board/20230509124350_60137.png, /resources/images/board/20230510121054_72223.jpg, /resources/images/board/20230509124758_79690.jpg, /resources/images/board/20230510113226_21324.jpg, /resources/images/board/20230510121054_55804.jpg]
2023-05-16 09:25:00 [INFO] Running Time : 25ms
2023-05-16 09:25:00 [INFO] End : BoardServiceImpl - selectDBList
---------------------------------------------

2023-05-16 09:25:00 [INFO] ----------- 서버 이미지 삭제 완료 ----------
2023-05-16 09:26:00 [INFO] ---------------------------------------
Start : BoardServiceImpl - selectDBList
Parameter : []
[스케줄러 동작]
2023-05-16 09:26:00 [INFO] Return Value : [/resources/images/board/sample1.jpg, /resources/images/board/sample2.jpg, /resources/images/board/sample3.jpg, /resources/images/board/sample4.jpg, /resources/images/board/sample5.jpg, /resources/images/board/sample1.jpg, /resources/images/board/sample2.jpg, /resources/images/board/sample3.jpg, /resources/images/board/sample4.jpg, /resources/images/board/sample5.jpg, /resources/images/board/20230509124350_60137.png, /resources/images/board/20230510121054_72223.jpg, /resources/images/board/20230509124758_79690.jpg, /resources/images/board/20230510113226_21324.jpg, /resources/images/board/20230510121054_55804.jpg]
2023-05-16 09:26:00 [INFO] Running Time : 21ms
2023-05-16 09:26:00 [INFO] End : BoardServiceImpl - selectDBList
---------------------------------------------

2023-05-16 09:26:00 [INFO] ----------- 서버 이미지 삭제 완료 ----------
2023-05-16 09:27:00 [INFO] ---------------------------------------
Start : BoardServiceImpl - selectDBList
Parameter : []
[스케줄러 동작]
2023-05-16 09:27:00 [INFO] Return Value : [/resources/images/board/sample1.jpg, /resources/images/board/sample2.jpg, /resources/images/board/sample3.jpg, /resources/images/board/sample4.jpg, /resources/images/board/sample5.jpg, /resources/images/board/sample1.jpg, /resources/images/board/sample2.jpg, /resources/images/board/sample3.jpg, /resources/images/board/sample4.jpg, /resources/images/board/sample5.jpg, /resources/images/board/20230509124350_60137.png, /resources/images/board/20230510121054_72223.jpg, /resources/images/board/20230509124758_79690.jpg, /resources/images/board/20230510113226_21324.jpg, /resources/images/board/20230510121054_55804.jpg]
2023-05-16 09:27:00 [INFO] Running Time : 9ms
2023-05-16 09:27:00 [INFO] End : BoardServiceImpl - selectDBList
---------------------------------------------

2023-05-16 09:27:00 [INFO] ----------- 서버 이미지 삭제 완료 ----------
2023-05-16 09:27:08 [INFO] 초기화 필터 파괴
2023-05-16 09:31:24 [INFO] 초기화 필터 생성
2023-05-16 09:31:31 [INFO] ---------------------------------------
Start : BoardServiceImpl - selectBoardType
Parameter : []
ip : 127.0.0.1
2023-05-16 09:31:34 [INFO] Return Value : [edu.kh.comm.board.model.vo.BoardType@46301053, edu.kh.comm.board.model.vo.BoardType@1f7f4316, edu.kh.comm.board.model.vo.BoardType@4a69b321]
2023-05-16 09:31:34 [INFO] Running Time : 3215ms
2023-05-16 09:31:34 [INFO] End : BoardServiceImpl - selectBoardType
---------------------------------------------

2023-05-16 09:31:34 [INFO] 후처리 수행
2023-05-16 09:31:34 [INFO] View단 처리 완료 후 수행
2023-05-16 09:31:35 [INFO] ---------------------------------------
Start : MemberServiceImpl - selectAll
Parameter : []
ip : 127.0.0.1
2023-05-16 09:31:35 [INFO] Return Value : [Member(memberNo=2, memberEmail=test01@naver.com, memberPw=$2a$10$Ojm7qRMj3XWY6HGH/JhMyOEs2.TFCxV43kn6UOHlgYqlnxv9rV7tq, memberNickname=테스트, memberTel=01022225555, memberAddress=06253,,서울 강남구 강남대로 298,,역삼대로, profileImage=/resources/images/memberProfile/20230428144643_81928.jpg, enrollDate=2023-04-27 14:37:28, secessionFlag=null), Member(memberNo=4, memberEmail=test02@naver.com, memberPw=$2a$10$u2BEbDJbxW.w0nOVbv4WEOQkNt/H3ayUmKMdkV4qArGjnf/B0Izje, memberNickname=테스트02, memberTel=01012341234, memberAddress=06252,,서울 강남구 강남대로 328,,역삼역, profileImage=null, enrollDate=2023-05-10 11:21:50, secessionFlag=null)]
2023-05-16 09:31:35 [INFO] Running Time : 15ms
2023-05-16 09:31:35 [INFO] End : MemberServiceImpl - selectAll
---------------------------------------------

2023-05-16 09:31:35 [INFO] 후처리 수행
2023-05-16 09:31:35 [INFO] View단 처리 완료 후 수행
2023-05-16 09:31:40 [INFO] 로그인 기능 수행됨
2023-05-16 09:31:40 [INFO] ---------------------------------------
Start : MemberServiceImpl - login
Parameter : [Member(memberNo=0, memberEmail=test01@naver.com, memberPw=test01!, memberNickname=null, memberTel=null, memberAddress=null, profileImage=null, enrollDate=null, secessionFlag=null)]
ip : 127.0.0.1
2023-05-16 09:31:40 [DEBUG] test01! / $2a$10$t9Ek863MPz/9DSM6qgG31eUr4l.9gm5SXvNE8/Dlebu3fvLhD3ABK
2023-05-16 09:31:40 [INFO] Return Value : Member(memberNo=2, memberEmail=test01@naver.com, memberPw=null, memberNickname=테스트, memberTel=01022225555, memberAddress=06253,,서울 강남구 강남대로 298,,역삼대로, profileImage=/resources/images/memberProfile/20230428144643_81928.jpg, enrollDate=2023-04-27 14:37:28, secessionFlag=null)
2023-05-16 09:31:40 [INFO] Running Time : 194ms
2023-05-16 09:31:40 [INFO] End : MemberServiceImpl - login
---------------------------------------------

2023-05-16 09:31:40 [INFO] 후처리 수행
2023-05-16 09:31:40 [INFO] View단 처리 완료 후 수행
2023-05-16 09:31:40 [INFO] 후처리 수행
2023-05-16 09:31:40 [INFO] View단 처리 완료 후 수행
2023-05-16 09:31:41 [INFO] ---------------------------------------
Start : ChatServiceImpl - selectChatRoomList
Parameter : []
ip : 127.0.0.1 (email : test01@naver.com)
2023-05-16 09:31:41 [INFO] Return Value : [ChatRoom(chatRoomNo=1, title=aaa, status=null, memberNo=0, memberNickname=테스트, cnt=1)]
2023-05-16 09:31:41 [INFO] Running Time : 8ms
2023-05-16 09:31:41 [INFO] End : ChatServiceImpl - selectChatRoomList
---------------------------------------------

2023-05-16 09:31:41 [INFO] 후처리 수행
2023-05-16 09:31:41 [INFO] View단 처리 완료 후 수행
2023-05-16 09:31:42 [INFO] ---------------------------------------
Start : ChatServiceImpl - joinChatRoom
Parameter : [ChatRoomJoin(memberNo=2, chatRoomNo=1)]
ip : 127.0.0.1 (email : test01@naver.com)
2023-05-16 09:31:42 [INFO] Return Value : []
2023-05-16 09:31:42 [INFO] Running Time : 27ms
2023-05-16 09:31:42 [INFO] End : ChatServiceImpl - joinChatRoom
---------------------------------------------

2023-05-16 09:31:42 [INFO] 후처리 수행
2023-05-16 09:31:42 [INFO] View단 처리 완료 후 수행
2023-05-16 09:31:42 [INFO] 후처리 수행
2023-05-16 09:31:42 [INFO] View단 처리 완료 후 수행
2023-05-16 09:31:43 [INFO] 후처리 수행
2023-05-16 09:31:43 [INFO] View단 처리 완료 후 수행
2023-05-16 09:32:00 [INFO] ---------------------------------------
Start : BoardServiceImpl - selectDBList
Parameter : []
[스케줄러 동작]
2023-05-16 09:32:00 [INFO] Return Value : [/resources/images/board/sample1.jpg, /resources/images/board/sample2.jpg, /resources/images/board/sample3.jpg, /resources/images/board/sample4.jpg, /resources/images/board/sample5.jpg, /resources/images/board/sample1.jpg, /resources/images/board/sample2.jpg, /resources/images/board/sample3.jpg, /resources/images/board/sample4.jpg, /resources/images/board/sample5.jpg, /resources/images/board/20230509124350_60137.png, /resources/images/board/20230510121054_72223.jpg, /resources/images/board/20230509124758_79690.jpg, /resources/images/board/20230510113226_21324.jpg, /resources/images/board/20230510121054_55804.jpg]
2023-05-16 09:32:00 [INFO] Running Time : 15ms
2023-05-16 09:32:00 [INFO] End : BoardServiceImpl - selectDBList
---------------------------------------------

2023-05-16 09:32:00 [INFO] ----------- 서버 이미지 삭제 완료 ----------
2023-05-16 09:33:00 [INFO] ---------------------------------------
Start : BoardServiceImpl - selectDBList
Parameter : []
[스케줄러 동작]
2023-05-16 09:33:00 [INFO] Return Value : [/resources/images/board/sample1.jpg, /resources/images/board/sample2.jpg, /resources/images/board/sample3.jpg, /resources/images/board/sample4.jpg, /resources/images/board/sample5.jpg, /resources/images/board/sample1.jpg, /resources/images/board/sample2.jpg, /resources/images/board/sample3.jpg, /resources/images/board/sample4.jpg, /resources/images/board/sample5.jpg, /resources/images/board/20230509124350_60137.png, /resources/images/board/20230510121054_72223.jpg, /resources/images/board/20230509124758_79690.jpg, /resources/images/board/20230510113226_21324.jpg, /resources/images/board/20230510121054_55804.jpg]
2023-05-16 09:33:00 [INFO] Running Time : 24ms
2023-05-16 09:33:00 [INFO] End : BoardServiceImpl - selectDBList
---------------------------------------------

2023-05-16 09:33:00 [INFO] ----------- 서버 이미지 삭제 완료 ----------
2023-05-16 09:34:00 [INFO] ---------------------------------------
Start : BoardServiceImpl - selectDBList
Parameter : []
[스케줄러 동작]
2023-05-16 09:34:00 [INFO] Return Value : [/resources/images/board/sample1.jpg, /resources/images/board/sample2.jpg, /resources/images/board/sample3.jpg, /resources/images/board/sample4.jpg, /resources/images/board/sample5.jpg, /resources/images/board/sample1.jpg, /resources/images/board/sample2.jpg, /resources/images/board/sample3.jpg, /resources/images/board/sample4.jpg, /resources/images/board/sample5.jpg, /resources/images/board/20230509124350_60137.png, /resources/images/board/20230510121054_72223.jpg, /resources/images/board/20230509124758_79690.jpg, /resources/images/board/20230510113226_21324.jpg, /resources/images/board/20230510121054_55804.jpg]
2023-05-16 09:34:00 [INFO] Running Time : 22ms
2023-05-16 09:34:00 [INFO] End : BoardServiceImpl - selectDBList
---------------------------------------------

2023-05-16 09:34:00 [INFO] ----------- 서버 이미지 삭제 완료 ----------
2023-05-16 09:35:00 [INFO] ---------------------------------------
Start : BoardServiceImpl - selectDBList
Parameter : []
[스케줄러 동작]
2023-05-16 09:35:00 [INFO] Return Value : [/resources/images/board/sample1.jpg, /resources/images/board/sample2.jpg, /resources/images/board/sample3.jpg, /resources/images/board/sample4.jpg, /resources/images/board/sample5.jpg, /resources/images/board/sample1.jpg, /resources/images/board/sample2.jpg, /resources/images/board/sample3.jpg, /resources/images/board/sample4.jpg, /resources/images/board/sample5.jpg, /resources/images/board/20230509124350_60137.png, /resources/images/board/20230510121054_72223.jpg, /resources/images/board/20230509124758_79690.jpg, /resources/images/board/20230510113226_21324.jpg, /resources/images/board/20230510121054_55804.jpg]
2023-05-16 09:35:00 [INFO] Running Time : 20ms
2023-05-16 09:35:00 [INFO] End : BoardServiceImpl - selectDBList
---------------------------------------------

2023-05-16 09:35:00 [INFO] ----------- 서버 이미지 삭제 완료 ----------
2023-05-16 09:36:00 [INFO] ---------------------------------------
Start : BoardServiceImpl - selectDBList
Parameter : []
[스케줄러 동작]
2023-05-16 09:36:00 [INFO] Return Value : [/resources/images/board/sample1.jpg, /resources/images/board/sample2.jpg, /resources/images/board/sample3.jpg, /resources/images/board/sample4.jpg, /resources/images/board/sample5.jpg, /resources/images/board/sample1.jpg, /resources/images/board/sample2.jpg, /resources/images/board/sample3.jpg, /resources/images/board/sample4.jpg, /resources/images/board/sample5.jpg, /resources/images/board/20230509124350_60137.png, /resources/images/board/20230510121054_72223.jpg, /resources/images/board/20230509124758_79690.jpg, /resources/images/board/20230510113226_21324.jpg, /resources/images/board/20230510121054_55804.jpg]
2023-05-16 09:36:00 [INFO] Running Time : 7ms
2023-05-16 09:36:00 [INFO] End : BoardServiceImpl - selectDBList
---------------------------------------------

2023-05-16 09:36:00 [INFO] ----------- 서버 이미지 삭제 완료 ----------
2023-05-16 09:37:00 [INFO] ---------------------------------------
Start : BoardServiceImpl - selectDBList
Parameter : []
[스케줄러 동작]
2023-05-16 09:37:00 [INFO] Return Value : [/resources/images/board/sample1.jpg, /resources/images/board/sample2.jpg, /resources/images/board/sample3.jpg, /resources/images/board/sample4.jpg, /resources/images/board/sample5.jpg, /resources/images/board/sample1.jpg, /resources/images/board/sample2.jpg, /resources/images/board/sample3.jpg, /resources/images/board/sample4.jpg, /resources/images/board/sample5.jpg, /resources/images/board/20230509124350_60137.png, /resources/images/board/20230510121054_72223.jpg, /resources/images/board/20230509124758_79690.jpg, /resources/images/board/20230510113226_21324.jpg, /resources/images/board/20230510121054_55804.jpg]
2023-05-16 09:37:00 [INFO] Running Time : 21ms
2023-05-16 09:37:00 [INFO] End : BoardServiceImpl - selectDBList
---------------------------------------------

2023-05-16 09:37:00 [INFO] ----------- 서버 이미지 삭제 완료 ----------
2023-05-16 09:38:00 [INFO] ---------------------------------------
Start : BoardServiceImpl - selectDBList
Parameter : []
[스케줄러 동작]
2023-05-16 09:38:00 [INFO] Return Value : [/resources/images/board/sample1.jpg, /resources/images/board/sample2.jpg, /resources/images/board/sample3.jpg, /resources/images/board/sample4.jpg, /resources/images/board/sample5.jpg, /resources/images/board/sample1.jpg, /resources/images/board/sample2.jpg, /resources/images/board/sample3.jpg, /resources/images/board/sample4.jpg, /resources/images/board/sample5.jpg, /resources/images/board/20230509124350_60137.png, /resources/images/board/20230510121054_72223.jpg, /resources/images/board/20230509124758_79690.jpg, /resources/images/board/20230510113226_21324.jpg, /resources/images/board/20230510121054_55804.jpg]
2023-05-16 09:38:00 [INFO] Running Time : 21ms
2023-05-16 09:38:00 [INFO] End : BoardServiceImpl - selectDBList
---------------------------------------------

2023-05-16 09:38:00 [INFO] ----------- 서버 이미지 삭제 완료 ----------
2023-05-16 09:39:00 [INFO] ---------------------------------------
Start : BoardServiceImpl - selectDBList
Parameter : []
[스케줄러 동작]
2023-05-16 09:39:00 [INFO] Return Value : [/resources/images/board/sample1.jpg, /resources/images/board/sample2.jpg, /resources/images/board/sample3.jpg, /resources/images/board/sample4.jpg, /resources/images/board/sample5.jpg, /resources/images/board/sample1.jpg, /resources/images/board/sample2.jpg, /resources/images/board/sample3.jpg, /resources/images/board/sample4.jpg, /resources/images/board/sample5.jpg, /resources/images/board/20230509124350_60137.png, /resources/images/board/20230510121054_72223.jpg, /resources/images/board/20230509124758_79690.jpg, /resources/images/board/20230510113226_21324.jpg, /resources/images/board/20230510121054_55804.jpg]
2023-05-16 09:39:00 [INFO] Running Time : 19ms
2023-05-16 09:39:00 [INFO] End : BoardServiceImpl - selectDBList
---------------------------------------------

2023-05-16 09:39:00 [INFO] ----------- 서버 이미지 삭제 완료 ----------
2023-05-16 09:39:19 [INFO] 초기화 필터 파괴
2023-05-16 09:44:25 [INFO] 초기화 필터 생성
2023-05-16 09:44:34 [INFO] ---------------------------------------
Start : BoardServiceImpl - selectBoardType
Parameter : []
ip : 127.0.0.1
2023-05-16 09:44:37 [INFO] Return Value : [edu.kh.comm.board.model.vo.BoardType@f3ad0c2, edu.kh.comm.board.model.vo.BoardType@3f1f87a1, edu.kh.comm.board.model.vo.BoardType@56309bfd]
2023-05-16 09:44:37 [INFO] Running Time : 2870ms
2023-05-16 09:44:37 [INFO] End : BoardServiceImpl - selectBoardType
---------------------------------------------

2023-05-16 09:44:37 [INFO] 후처리 수행
2023-05-16 09:44:37 [INFO] View단 처리 완료 후 수행
2023-05-16 09:44:37 [INFO] ---------------------------------------
Start : MemberServiceImpl - selectAll
Parameter : []
ip : 127.0.0.1
2023-05-16 09:44:37 [INFO] Return Value : [Member(memberNo=2, memberEmail=test01@naver.com, memberPw=$2a$10$Ojm7qRMj3XWY6HGH/JhMyOEs2.TFCxV43kn6UOHlgYqlnxv9rV7tq, memberNickname=테스트, memberTel=01022225555, memberAddress=06253,,서울 강남구 강남대로 298,,역삼대로, profileImage=/resources/images/memberProfile/20230428144643_81928.jpg, enrollDate=2023-04-27 14:37:28, secessionFlag=null), Member(memberNo=4, memberEmail=test02@naver.com, memberPw=$2a$10$u2BEbDJbxW.w0nOVbv4WEOQkNt/H3ayUmKMdkV4qArGjnf/B0Izje, memberNickname=테스트02, memberTel=01012341234, memberAddress=06252,,서울 강남구 강남대로 328,,역삼역, profileImage=null, enrollDate=2023-05-10 11:21:50, secessionFlag=null)]
2023-05-16 09:44:37 [INFO] Running Time : 10ms
2023-05-16 09:44:37 [INFO] End : MemberServiceImpl - selectAll
---------------------------------------------

2023-05-16 09:44:37 [INFO] 후처리 수행
2023-05-16 09:44:37 [INFO] View단 처리 완료 후 수행
2023-05-16 09:44:41 [INFO] 로그인 기능 수행됨
2023-05-16 09:44:41 [INFO] ---------------------------------------
Start : MemberServiceImpl - login
Parameter : [Member(memberNo=0, memberEmail=test01@naver.com, memberPw=test01!, memberNickname=null, memberTel=null, memberAddress=null, profileImage=null, enrollDate=null, secessionFlag=null)]
ip : 127.0.0.1
2023-05-16 09:44:41 [DEBUG] test01! / $2a$10$OU5ia2CTT5hobhVxZPkm2.A2F2.OlvfrqKcgKgTUHqyzVONkuitI.
2023-05-16 09:44:41 [INFO] Return Value : Member(memberNo=2, memberEmail=test01@naver.com, memberPw=null, memberNickname=테스트, memberTel=01022225555, memberAddress=06253,,서울 강남구 강남대로 298,,역삼대로, profileImage=/resources/images/memberProfile/20230428144643_81928.jpg, enrollDate=2023-04-27 14:37:28, secessionFlag=null)
2023-05-16 09:44:41 [INFO] Running Time : 181ms
2023-05-16 09:44:41 [INFO] End : MemberServiceImpl - login
---------------------------------------------

2023-05-16 09:44:41 [INFO] 후처리 수행
2023-05-16 09:44:41 [INFO] View단 처리 완료 후 수행
2023-05-16 09:44:41 [INFO] 후처리 수행
2023-05-16 09:44:41 [INFO] View단 처리 완료 후 수행
2023-05-16 09:44:44 [INFO] ---------------------------------------
Start : ChatServiceImpl - selectChatRoomList
Parameter : []
ip : 127.0.0.1 (email : test01@naver.com)
2023-05-16 09:44:44 [INFO] Return Value : [ChatRoom(chatRoomNo=1, title=aaa, status=null, memberNo=0, memberNickname=테스트, cnt=1)]
2023-05-16 09:44:44 [INFO] Running Time : 8ms
2023-05-16 09:44:44 [INFO] End : ChatServiceImpl - selectChatRoomList
---------------------------------------------

2023-05-16 09:44:44 [INFO] 후처리 수행
2023-05-16 09:44:44 [INFO] View단 처리 완료 후 수행
2023-05-16 09:44:45 [INFO] ---------------------------------------
Start : ChatServiceImpl - joinChatRoom
Parameter : [ChatRoomJoin(memberNo=2, chatRoomNo=1)]
ip : 127.0.0.1 (email : test01@naver.com)
2023-05-16 09:44:45 [INFO] Return Value : []
2023-05-16 09:44:45 [INFO] Running Time : 25ms
2023-05-16 09:44:45 [INFO] End : ChatServiceImpl - joinChatRoom
---------------------------------------------

2023-05-16 09:44:45 [INFO] 후처리 수행
2023-05-16 09:44:45 [INFO] View단 처리 완료 후 수행
2023-05-16 09:44:45 [INFO] 후처리 수행
2023-05-16 09:44:45 [INFO] View단 처리 완료 후 수행
2023-05-16 09:44:46 [INFO] 후처리 수행
2023-05-16 09:44:46 [INFO] View단 처리 완료 후 수행
2023-05-16 09:44:47 [INFO] ---------------------------------------
Start : ChatServiceImpl - insertMessage
Parameter : [ChatMessage(cmNo=0, message=aaaa, createDate=2023-05-16, chatRoomNo=1, memberNo=2, memberEmail=test01@naver.com, memberNickname=테스트)]
[스케줄러 동작]
2023-05-16 09:44:47 [INFO] Return Value : 1
2023-05-16 09:44:47 [INFO] Running Time : 231ms
2023-05-16 09:44:47 [INFO] End : ChatServiceImpl - insertMessage
---------------------------------------------

2023-05-16 09:45:00 [INFO] ---------------------------------------
Start : BoardServiceImpl - selectDBList
Parameter : []
[스케줄러 동작]
2023-05-16 09:45:00 [INFO] Return Value : [/resources/images/board/sample1.jpg, /resources/images/board/sample2.jpg, /resources/images/board/sample3.jpg, /resources/images/board/sample4.jpg, /resources/images/board/sample5.jpg, /resources/images/board/sample1.jpg, /resources/images/board/sample2.jpg, /resources/images/board/sample3.jpg, /resources/images/board/sample4.jpg, /resources/images/board/sample5.jpg, /resources/images/board/20230509124350_60137.png, /resources/images/board/20230510121054_72223.jpg, /resources/images/board/20230509124758_79690.jpg, /resources/images/board/20230510113226_21324.jpg, /resources/images/board/20230510121054_55804.jpg]
2023-05-16 09:45:00 [INFO] Running Time : 7ms
2023-05-16 09:45:00 [INFO] End : BoardServiceImpl - selectDBList
---------------------------------------------

2023-05-16 09:45:00 [INFO] ----------- 서버 이미지 삭제 완료 ----------
2023-05-16 09:46:00 [INFO] ---------------------------------------
Start : BoardServiceImpl - selectDBList
Parameter : []
[스케줄러 동작]
2023-05-16 09:46:00 [INFO] Return Value : [/resources/images/board/sample1.jpg, /resources/images/board/sample2.jpg, /resources/images/board/sample3.jpg, /resources/images/board/sample4.jpg, /resources/images/board/sample5.jpg, /resources/images/board/sample1.jpg, /resources/images/board/sample2.jpg, /resources/images/board/sample3.jpg, /resources/images/board/sample4.jpg, /resources/images/board/sample5.jpg, /resources/images/board/20230509124350_60137.png, /resources/images/board/20230510121054_72223.jpg, /resources/images/board/20230509124758_79690.jpg, /resources/images/board/20230510113226_21324.jpg, /resources/images/board/20230510121054_55804.jpg]
2023-05-16 09:46:00 [INFO] Running Time : 7ms
2023-05-16 09:46:00 [INFO] End : BoardServiceImpl - selectDBList
---------------------------------------------

2023-05-16 09:46:00 [INFO] ----------- 서버 이미지 삭제 완료 ----------
2023-05-16 09:47:00 [INFO] ---------------------------------------
Start : BoardServiceImpl - selectDBList
Parameter : []
[스케줄러 동작]
2023-05-16 09:47:00 [INFO] Return Value : [/resources/images/board/sample1.jpg, /resources/images/board/sample2.jpg, /resources/images/board/sample3.jpg, /resources/images/board/sample4.jpg, /resources/images/board/sample5.jpg, /resources/images/board/sample1.jpg, /resources/images/board/sample2.jpg, /resources/images/board/sample3.jpg, /resources/images/board/sample4.jpg, /resources/images/board/sample5.jpg, /resources/images/board/20230509124350_60137.png, /resources/images/board/20230510121054_72223.jpg, /resources/images/board/20230509124758_79690.jpg, /resources/images/board/20230510113226_21324.jpg, /resources/images/board/20230510121054_55804.jpg]
2023-05-16 09:47:00 [INFO] Running Time : 25ms
2023-05-16 09:47:00 [INFO] End : BoardServiceImpl - selectDBList
---------------------------------------------

2023-05-16 09:47:00 [INFO] ----------- 서버 이미지 삭제 완료 ----------
2023-05-16 09:48:00 [INFO] ---------------------------------------
Start : BoardServiceImpl - selectDBList
Parameter : []
[스케줄러 동작]
2023-05-16 09:48:00 [INFO] Return Value : [/resources/images/board/sample1.jpg, /resources/images/board/sample2.jpg, /resources/images/board/sample3.jpg, /resources/images/board/sample4.jpg, /resources/images/board/sample5.jpg, /resources/images/board/sample1.jpg, /resources/images/board/sample2.jpg, /resources/images/board/sample3.jpg, /resources/images/board/sample4.jpg, /resources/images/board/sample5.jpg, /resources/images/board/20230509124350_60137.png, /resources/images/board/20230510121054_72223.jpg, /resources/images/board/20230509124758_79690.jpg, /resources/images/board/20230510113226_21324.jpg, /resources/images/board/20230510121054_55804.jpg]
2023-05-16 09:48:00 [INFO] Running Time : 11ms
2023-05-16 09:48:00 [INFO] End : BoardServiceImpl - selectDBList
---------------------------------------------

2023-05-16 09:48:00 [INFO] ----------- 서버 이미지 삭제 완료 ----------
2023-05-16 09:49:00 [INFO] ---------------------------------------
Start : BoardServiceImpl - selectDBList
Parameter : []
[스케줄러 동작]
2023-05-16 09:49:00 [INFO] Return Value : [/resources/images/board/sample1.jpg, /resources/images/board/sample2.jpg, /resources/images/board/sample3.jpg, /resources/images/board/sample4.jpg, /resources/images/board/sample5.jpg, /resources/images/board/sample1.jpg, /resources/images/board/sample2.jpg, /resources/images/board/sample3.jpg, /resources/images/board/sample4.jpg, /resources/images/board/sample5.jpg, /resources/images/board/20230509124350_60137.png, /resources/images/board/20230510121054_72223.jpg, /resources/images/board/20230509124758_79690.jpg, /resources/images/board/20230510113226_21324.jpg, /resources/images/board/20230510121054_55804.jpg]
2023-05-16 09:49:00 [INFO] Running Time : 12ms
2023-05-16 09:49:00 [INFO] End : BoardServiceImpl - selectDBList
---------------------------------------------

2023-05-16 09:49:00 [INFO] ----------- 서버 이미지 삭제 완료 ----------
2023-05-16 09:50:00 [INFO] ---------------------------------------
Start : BoardServiceImpl - selectDBList
Parameter : []
[스케줄러 동작]
2023-05-16 09:50:00 [INFO] Return Value : [/resources/images/board/sample1.jpg, /resources/images/board/sample2.jpg, /resources/images/board/sample3.jpg, /resources/images/board/sample4.jpg, /resources/images/board/sample5.jpg, /resources/images/board/sample1.jpg, /resources/images/board/sample2.jpg, /resources/images/board/sample3.jpg, /resources/images/board/sample4.jpg, /resources/images/board/sample5.jpg, /resources/images/board/20230509124350_60137.png, /resources/images/board/20230510121054_72223.jpg, /resources/images/board/20230509124758_79690.jpg, /resources/images/board/20230510113226_21324.jpg, /resources/images/board/20230510121054_55804.jpg]
2023-05-16 09:50:00 [INFO] Running Time : 12ms
2023-05-16 09:50:00 [INFO] End : BoardServiceImpl - selectDBList
---------------------------------------------

2023-05-16 09:50:00 [INFO] ----------- 서버 이미지 삭제 완료 ----------
